<?xml version="1.0" encoding="UTF-8"?>
<testng-results skipped="0" failed="0" ignored="0" total="1" passed="1">
  <reporter-output>
  </reporter-output>
  <suite name="Suite" duration-ms="10886" started-at="2020-02-04T20:45:10 CST" finished-at="2020-02-04T20:45:21 CST">
    <groups>
    </groups>
    <test name="Test" duration-ms="10886" started-at="2020-02-04T20:45:10 CST" finished-at="2020-02-04T20:45:21 CST">
      <class name="test.baidu.BaiduTest">
        <test-method status="PASS" signature="beforeTest()[pri:0, instance:test.baidu.BaiduTest@77b52d12]" name="beforeTest" is-config="true" duration-ms="4083" started-at="2020-02-04T20:45:10 CST" finished-at="2020-02-04T20:45:14 CST">
          <reporter-output>
          </reporter-output>
        </test-method> <!-- beforeTest -->
        <test-method status="PASS" signature="queryTest()[pri:0, instance:test.baidu.BaiduTest@77b52d12]" name="queryTest" duration-ms="3154" started-at="2020-02-04T20:45:14 CST" finished-at="2020-02-04T20:45:17 CST">
          <reporter-output>
          </reporter-output>
        </test-method> <!-- queryTest -->
        <test-method status="PASS" signature="afterTest()[pri:0, instance:test.baidu.BaiduTest@77b52d12]" name="afterTest" is-config="true" duration-ms="3634" started-at="2020-02-04T20:45:17 CST" finished-at="2020-02-04T20:45:21 CST">
          <reporter-output>
          </reporter-output>
        </test-method> <!-- afterTest -->
      </class> <!-- test.baidu.BaiduTest -->
    </test> <!-- Test -->
  </suite> <!-- Suite -->
</testng-results>
